<?xml version="1.0" encoding="UTF-8"?>
<!-- Generated by org.testng.reporters.JUnitReportReporter -->
<testsuite hostname="Dell" failures="0" tests="1" name="calendarPractice.CalendarTodayDateIbiboTest" time="16.845" errors="0" timestamp="2022-03-10T10:00:27 IST" skipped="0">
  <testcase classname="calendarPractice.CalendarTodayDateIbiboTest" name="calendarToday" time="16.845"/>
  <system-out/>
</testsuite> <!-- calendarPractice.CalendarTodayDateIbiboTest -->
