<?xml version="1.0" encoding="UTF-8"?>
<!-- Generated by org.testng.reporters.JUnitReportReporter -->
<testsuite hostname="Dell" failures="0" tests="1" name="com.crm.PRACTICE.PomPracticeForLogin" time="20.036" errors="0" timestamp="2022-02-23T16:40:04 IST" skipped="0">
  <testcase classname="com.crm.PRACTICE.PomPracticeForLogin" name="pomPracticeLogin" time="20.036"/>
  <system-out/>
</testsuite> <!-- com.crm.PRACTICE.PomPracticeForLogin -->
