<?xml version="1.0" encoding="UTF-8"?>
<!-- Generated by org.testng.reporters.JUnitReportReporter -->
<testsuite hostname="Dell" failures="0" tests="1" name="com.crm.OrganizationTests.CreateorgWithIndTestNGTest" time="52.195" errors="0" timestamp="2022-03-16T18:38:31 IST" skipped="0">
  <testcase classname="com.crm.OrganizationTests.CreateorgWithIndTestNGTest" name="createorgWithIndTestNGTest" time="52.195"/>
  <system-out>
    <![CDATA[clicked on organization link
clicked on new organization
organization is created
organization verified successfully]]>
  </system-out>
</testsuite> <!-- com.crm.OrganizationTests.CreateorgWithIndTestNGTest -->
