<?xml version="1.0" encoding="UTF-8"?>
<!-- Generated by org.testng.reporters.JUnitReportReporter -->
<testsuite hostname="Dell" failures="0" tests="1" name="com.crm.ContactTests.CreateContactWithOrgLeadsSrcTest" time="40.748" errors="0" timestamp="2022-02-24T13:34:17 IST" skipped="0">
  <testcase classname="com.crm.ContactTests.CreateContactWithOrgLeadsSrcTest" name="createContactWithOrgLeadsSrcTest" time="40.748"/>
  <system-out/>
</testsuite> <!-- com.crm.ContactTests.CreateContactWithOrgLeadsSrcTest -->
