<?xml version="1.0" encoding="UTF-8"?>
<!-- Generated by org.testng.reporters.JUnitReportReporter -->
<testsuite hostname="Dell" failures="0" tests="1" name="com.crm.OrganizationTests.CreateOrgTestNGTest" time="14.100" errors="0" timestamp="2022-03-16T18:38:31 IST" skipped="0">
  <testcase classname="com.crm.OrganizationTests.CreateOrgTestNGTest" name="createOrgTestNGTest" time="14.100"/>
  <system-out>
    <![CDATA[Organization is created
organization is verified]]>
  </system-out>
</testsuite> <!-- com.crm.OrganizationTests.CreateOrgTestNGTest -->
