<?xml version="1.0" encoding="UTF-8"?>
<!-- Generated by org.testng.reporters.JUnitReportReporter -->
<testsuite hostname="Dell" failures="0" tests="1" name="com.crm.OrganizationTests.CreateOrganizationTest" time="13.709" errors="0" timestamp="2022-02-17T06:16:14 IST" skipped="0">
  <testcase classname="com.crm.OrganizationTests.CreateOrganizationTest" name="createOrganizationTest" time="13.709"/>
  <system-out/>
</testsuite> <!-- com.crm.OrganizationTests.CreateOrganizationTest -->
