<?xml version="1.0" encoding="UTF-8"?>
<!-- Generated by org.testng.reporters.JUnitReportReporter -->
<testsuite hostname="Dell" failures="0" tests="1" name="com.crm.opportunityTests.CreateOpportunityPOMTest" time="66.969" errors="0" timestamp="2022-02-26T21:17:31 IST" skipped="0">
  <testcase classname="com.crm.opportunityTests.CreateOpportunityPOMTest" name="createOpportunityPOMTest" time="66.969"/>
  <system-out/>
</testsuite> <!-- com.crm.opportunityTests.CreateOpportunityPOMTest -->
