<?xml version="1.0" encoding="UTF-8"?>
<!-- Generated by org.testng.reporters.JUnitReportReporter -->
<testsuite hostname="Dell" failures="0" tests="1" name="com.crm.PRACTICE.ReadDataFromSuiteXMLFileTest" time="0.011" errors="0" timestamp="2022-02-17T15:22:13 IST" skipped="0">
  <testcase classname="com.crm.PRACTICE.ReadDataFromSuiteXMLFileTest" name="readDataFromSuiteXMLFileTest" time="0.011"/>
  <system-out/>
</testsuite> <!-- com.crm.PRACTICE.ReadDataFromSuiteXMLFileTest -->
