<?xml version="1.0" encoding="UTF-8"?>
<!-- Generated by org.testng.reporters.JUnitReportReporter -->
<testsuite hostname="Dell" failures="0" tests="1" name="com.crm.leadsSearch.CreateLeadsPOMTest" time="58.249" errors="0" timestamp="2022-02-26T23:18:43 IST" skipped="0">
  <testcase classname="com.crm.leadsSearch.CreateLeadsPOMTest" name="createLeadsPOMTest" time="58.249"/>
  <system-out/>
</testsuite> <!-- com.crm.leadsSearch.CreateLeadsPOMTest -->
