<?xml version="1.0" encoding="UTF-8"?>
<!-- Generated by org.testng.reporters.JUnitReportReporter -->
<testsuite hostname="Dell" failures="0" tests="1" name="com.crm.PRACTICE.SampleJDBCExecuteQueryVerifyData" time="0.358" errors="0" timestamp="2022-02-16T13:27:36 IST" skipped="0">
  <testcase classname="com.crm.PRACTICE.SampleJDBCExecuteQueryVerifyData" name="sampleJDBCExecuteQueryVerifyData" time="0.358"/>
  <system-out/>
</testsuite> <!-- com.crm.PRACTICE.SampleJDBCExecuteQueryVerifyData -->
