<?xml version="1.0" encoding="UTF-8"?>
<!-- Generated by org.testng.reporters.JUnitReportReporter -->
<testsuite hostname="Dell" failures="0" tests="1" name="com.crm.ProductCampaignTests.CreateProductCampaignTest" time="23.487" errors="0" timestamp="2022-02-18T16:30:08 IST" skipped="0">
  <testcase classname="com.crm.ProductCampaignTests.CreateProductCampaignTest" name="createProductCampaignTest" time="23.487"/>
  <system-out/>
</testsuite> <!-- com.crm.ProductCampaignTests.CreateProductCampaignTest -->
