<?xml version="1.0" encoding="UTF-8"?>
<!-- Generated by org.testng.reporters.JUnitReportReporter -->
<testsuite hostname="Dell" failures="0" tests="1" name="com.crm.leadsSearch.LeadsSearchByAnnualRevenuePOMTest" time="38.991" errors="0" timestamp="2022-02-27T00:19:49 IST" skipped="0">
  <testcase classname="com.crm.leadsSearch.LeadsSearchByAnnualRevenuePOMTest" name="leadsSearchByAnnualRevenuePOMTest" time="38.991"/>
  <system-out/>
</testsuite> <!-- com.crm.leadsSearch.LeadsSearchByAnnualRevenuePOMTest -->
