<?xml version="1.0" encoding="UTF-8"?>
<!-- Generated by org.testng.reporters.JUnitReportReporter -->
<testsuite hostname="Dell" failures="0" tests="1" name="com.crm.leadsSearch.LeadsSearchLeadsSrcPOMTest" time="26.634" errors="0" timestamp="2022-02-27T11:06:44 IST" skipped="0">
  <testcase classname="com.crm.leadsSearch.LeadsSearchLeadsSrcPOMTest" name="leadsSearchLeadsSrcPOMTest" time="26.634"/>
  <system-out/>
</testsuite> <!-- com.crm.leadsSearch.LeadsSearchLeadsSrcPOMTest -->
