<?xml version="1.0" encoding="UTF-8"?>
<!-- Generated by org.testng.reporters.JUnitReportReporter -->
<testsuite hostname="Dell" failures="0" tests="1" name="com.crm.LeadsSearchwithutilities.LeadsSearchLeadNoUtil" time="28.777" errors="0" timestamp="2022-02-22T22:10:13 IST" skipped="0">
  <testcase classname="com.crm.LeadsSearchwithutilities.LeadsSearchLeadNoUtil" name="leadsSearchLeadNoUtil" time="28.777"/>
  <system-out/>
</testsuite> <!-- com.crm.LeadsSearchwithutilities.LeadsSearchLeadNoUtil -->
