<?xml version="1.0" encoding="UTF-8"?>
<!-- Generated by org.testng.reporters.JUnitReportReporter -->
<testsuite hostname="Dell" failures="0" tests="1" name="com.crm.OrganizationTests.CreateOrganizationPage" time="19.021" errors="0" timestamp="2022-02-24T15:13:10 IST" skipped="0">
  <testcase classname="com.crm.OrganizationTests.CreateOrganizationPage" name="createorganizationPage" time="19.021"/>
  <system-out/>
</testsuite> <!-- com.crm.OrganizationTests.CreateOrganizationPage -->
