<?xml version="1.0" encoding="UTF-8"?>
<!-- Generated by org.testng.reporters.JUnitReportReporter -->
<testsuite hostname="Dell" failures="0" tests="6" name="com.crm.OrganizationTests.CreateOrgWIthIndMultipleDataTest" time="102.185" errors="0" timestamp="2022-02-28T19:45:18 IST" skipped="0">
  <testcase classname="com.crm.OrganizationTests.CreateOrgWIthIndMultipleDataTest" name="createOrgWIthIndMultipleDataTest" time="17.596"/>
  <system-out>
    <![CDATA[login successful
navigated to org link
click on create org link
create org with insustry type
verification successful]]>
  </system-out>
  <testcase classname="com.crm.OrganizationTests.CreateOrgWIthIndMultipleDataTest" name="createOrgWIthIndMultipleDataTest" time="16.139"/>
  <system-out>
    <![CDATA[login successful
navigated to org link
click on create org link
create org with insustry type
verification successful]]>
  </system-out>
  <testcase classname="com.crm.OrganizationTests.CreateOrgWIthIndMultipleDataTest" name="createOrgWIthIndMultipleDataTest" time="15.712"/>
  <system-out>
    <![CDATA[login successful
navigated to org link
click on create org link
create org with insustry type
verification successful]]>
  </system-out>
  <testcase classname="com.crm.OrganizationTests.CreateOrgWIthIndMultipleDataTest" name="createOrgWIthIndMultipleDataTest" time="18.133"/>
  <system-out>
    <![CDATA[login successful
navigated to org link
click on create org link
create org with insustry type
verification successful]]>
  </system-out>
  <testcase classname="com.crm.OrganizationTests.CreateOrgWIthIndMultipleDataTest" name="createOrgWIthIndMultipleDataTest" time="16.978"/>
  <system-out>
    <![CDATA[login successful
navigated to org link
click on create org link
create org with insustry type
verification successful]]>
  </system-out>
  <testcase classname="com.crm.OrganizationTests.CreateOrgWIthIndMultipleDataTest" name="createOrgWIthIndMultipleDataTest" time="17.627"/>
  <system-out>
    <![CDATA[login successful
navigated to org link
click on create org link
create org with insustry type
verification successful]]>
  </system-out>
</testsuite> <!-- com.crm.OrganizationTests.CreateOrgWIthIndMultipleDataTest -->
