<?xml version="1.0" encoding="UTF-8"?>
<!-- Generated by org.testng.reporters.JUnitReportReporter -->
<testsuite hostname="Dell" failures="0" tests="1" name="com.crm.ContactTests.CreateContactUtilTest" time="28.625" errors="0" timestamp="2022-02-22T16:51:31 IST" skipped="0">
  <testcase classname="com.crm.ContactTests.CreateContactUtilTest" name="createContactUtilTest" time="28.625"/>
  <system-out/>
</testsuite> <!-- com.crm.ContactTests.CreateContactUtilTest -->
