<?xml version="1.0" encoding="UTF-8"?>
<!-- Generated by org.testng.reporters.JUnitReportReporter -->
<testsuite hostname="Dell" failures="0" tests="1" name="com.crm.ContactTests.CreateContactPOMPage" time="59.627" errors="0" timestamp="2022-02-23T22:59:27 IST" skipped="0">
  <testcase classname="com.crm.ContactTests.CreateContactPOMPage" name="createContactPOM" time="59.627"/>
  <system-out/>
</testsuite> <!-- com.crm.ContactTests.CreateContactPOMPage -->
