<?xml version="1.0" encoding="UTF-8"?>
<!-- Generated by org.testng.reporters.JUnitReportReporter -->
<testsuite hostname="Dell" failures="0" tests="1" name="com.crm.leadsSearch.LeadsSearchAnnualRevenueTest" time="63.333" errors="0" timestamp="2022-02-22T16:34:13 IST" skipped="0">
  <testcase classname="com.crm.leadsSearch.LeadsSearchAnnualRevenueTest" name="leadsSearchAnnualRevenueTest" time="63.333"/>
  <system-out/>
</testsuite> <!-- com.crm.leadsSearch.LeadsSearchAnnualRevenueTest -->
