<?xml version="1.0" encoding="UTF-8"?>
<!-- Generated by org.testng.reporters.JUnitReportReporter -->
<testsuite hostname="Dell" failures="0" tests="1" name="com.crm.leadsSearch.LeadsSearchAnnRevTestNGTest" time="24.505" errors="0" timestamp="2022-03-01T21:19:22 IST" skipped="0">
  <testcase classname="com.crm.leadsSearch.LeadsSearchAnnRevTestNGTest" name="leadsSearchAnnRevTestNGTest" time="24.505"/>
  <system-out>
    <![CDATA[leads created and verified successfully
leads are searched successfully]]>
  </system-out>
</testsuite> <!-- com.crm.leadsSearch.LeadsSearchAnnRevTestNGTest -->
