<?xml version="1.0" encoding="UTF-8"?>
<!-- Generated by org.testng.reporters.JUnitReportReporter -->
<testsuite hostname="Dell" failures="0" tests="1" name="com.crm.PRACTICE.SelectCalendarDateIbiboTest" time="61.277" errors="0" timestamp="2022-03-09T16:02:27 IST" skipped="0">
  <testcase classname="com.crm.PRACTICE.SelectCalendarDateIbiboTest" name="calendarIbibo" time="61.277"/>
  <system-out/>
</testsuite> <!-- com.crm.PRACTICE.SelectCalendarDateIbiboTest -->
