<?xml version="1.0" encoding="UTF-8"?>
<!-- Generated by org.testng.reporters.JUnitReportReporter -->
<testsuite hostname="Dell" failures="0" tests="10" name="com.crm.ContactTests.CreateContactMultipleDataTest" time="195.697" errors="0" timestamp="2022-03-01T10:47:52 IST" skipped="0">
  <testcase classname="com.crm.ContactTests.CreateContactMultipleDataTest" name="createContactMultipleDataTest" time="25.841"/>
  <system-out>
    <![CDATA[launched the browser
loaded the url
logged in to app
clicked on contacts link
clicked on create contacts link 
contact is created
contact is verified
logged out]]>
  </system-out>
  <testcase classname="com.crm.ContactTests.CreateContactMultipleDataTest" name="createContactMultipleDataTest" time="16.574"/>
  <system-out>
    <![CDATA[launched the browser
loaded the url
logged in to app
clicked on contacts link
clicked on create contacts link 
contact is created
contact is verified
logged out]]>
  </system-out>
  <testcase classname="com.crm.ContactTests.CreateContactMultipleDataTest" name="createContactMultipleDataTest" time="17.497"/>
  <system-out>
    <![CDATA[launched the browser
loaded the url
logged in to app
clicked on contacts link
clicked on create contacts link 
contact is created
contact is verified
logged out]]>
  </system-out>
  <testcase classname="com.crm.ContactTests.CreateContactMultipleDataTest" name="createContactMultipleDataTest" time="16.960"/>
  <system-out>
    <![CDATA[launched the browser
loaded the url
logged in to app
clicked on contacts link
clicked on create contacts link 
contact is created
contact is verified
logged out]]>
  </system-out>
  <testcase classname="com.crm.ContactTests.CreateContactMultipleDataTest" name="createContactMultipleDataTest" time="17.381"/>
  <system-out>
    <![CDATA[launched the browser
loaded the url
logged in to app
clicked on contacts link
clicked on create contacts link 
contact is created
contact is verified
logged out]]>
  </system-out>
  <testcase classname="com.crm.ContactTests.CreateContactMultipleDataTest" name="createContactMultipleDataTest" time="25.686"/>
  <system-out>
    <![CDATA[launched the browser
loaded the url
logged in to app
clicked on contacts link
clicked on create contacts link 
contact is created
contact is verified
logged out]]>
  </system-out>
  <testcase classname="com.crm.ContactTests.CreateContactMultipleDataTest" name="createContactMultipleDataTest" time="17.846"/>
  <system-out>
    <![CDATA[launched the browser
loaded the url
logged in to app
clicked on contacts link
clicked on create contacts link 
contact is created
contact is verified
logged out]]>
  </system-out>
  <testcase classname="com.crm.ContactTests.CreateContactMultipleDataTest" name="createContactMultipleDataTest" time="17.848"/>
  <system-out>
    <![CDATA[launched the browser
loaded the url
logged in to app
clicked on contacts link
clicked on create contacts link 
contact is created
contact is verified
logged out]]>
  </system-out>
  <testcase classname="com.crm.ContactTests.CreateContactMultipleDataTest" name="createContactMultipleDataTest" time="22.090"/>
  <system-out>
    <![CDATA[launched the browser
loaded the url
logged in to app
clicked on contacts link
clicked on create contacts link 
contact is created
contact is verified
logged out]]>
  </system-out>
  <testcase classname="com.crm.ContactTests.CreateContactMultipleDataTest" name="createContactMultipleDataTest" time="17.974"/>
  <system-out>
    <![CDATA[launched the browser
loaded the url
logged in to app
clicked on contacts link
clicked on create contacts link 
contact is created
contact is verified
logged out]]>
  </system-out>
</testsuite> <!-- com.crm.ContactTests.CreateContactMultipleDataTest -->
