<?xml version="1.0" encoding="UTF-8"?>
<!-- Generated by org.testng.reporters.JUnitReportReporter -->
<testsuite hostname="Dell" failures="0" tests="1" name="com.crm.CreateCampaignwithProduct.CreateCampaignWithProduct" time="41.277" errors="0" timestamp="2022-02-24T11:27:52 IST" skipped="0">
  <testcase classname="com.crm.CreateCampaignwithProduct.CreateCampaignWithProduct" name="createCampaignWithProduct" time="41.277"/>
  <system-out/>
</testsuite> <!-- com.crm.CreateCampaignwithProduct.CreateCampaignWithProduct -->
