<?xml version="1.0" encoding="UTF-8"?>
<!-- Generated by org.testng.reporters.JUnitReportReporter -->
<testsuite hostname="Dell" failures="0" tests="6" name="com.crm.OrganizationTests.CreateOrgWithIndAndTypeMultipleDataTest" time="100.642" errors="0" timestamp="2022-03-01T08:24:32 IST" skipped="0">
  <testcase classname="com.crm.OrganizationTests.CreateOrgWithIndAndTypeMultipleDataTest" name="createOrgWIthIndAndType" time="16.772"/>
  <system-out>
    <![CDATA[login successful
navigated to org link
click on create org link
create org with insustry type
verification successful]]>
  </system-out>
  <testcase classname="com.crm.OrganizationTests.CreateOrgWithIndAndTypeMultipleDataTest" name="createOrgWIthIndAndType" time="16.341"/>
  <system-out>
    <![CDATA[login successful
navigated to org link
click on create org link
create org with insustry type
verification successful]]>
  </system-out>
  <testcase classname="com.crm.OrganizationTests.CreateOrgWithIndAndTypeMultipleDataTest" name="createOrgWIthIndAndType" time="16.670"/>
  <system-out>
    <![CDATA[login successful
navigated to org link
click on create org link
create org with insustry type
verification successful]]>
  </system-out>
  <testcase classname="com.crm.OrganizationTests.CreateOrgWithIndAndTypeMultipleDataTest" name="createOrgWIthIndAndType" time="16.201"/>
  <system-out>
    <![CDATA[login successful
navigated to org link
click on create org link
create org with insustry type
verification successful]]>
  </system-out>
  <testcase classname="com.crm.OrganizationTests.CreateOrgWithIndAndTypeMultipleDataTest" name="createOrgWIthIndAndType" time="18.381"/>
  <system-out>
    <![CDATA[login successful
navigated to org link
click on create org link
create org with insustry type
verification successful]]>
  </system-out>
  <testcase classname="com.crm.OrganizationTests.CreateOrgWithIndAndTypeMultipleDataTest" name="createOrgWIthIndAndType" time="16.277"/>
  <system-out>
    <![CDATA[login successful
navigated to org link
click on create org link
create org with insustry type
verification successful]]>
  </system-out>
</testsuite> <!-- com.crm.OrganizationTests.CreateOrgWithIndAndTypeMultipleDataTest -->
