<?xml version="1.0" encoding="UTF-8"?>
<!-- Generated by org.testng.reporters.JUnitReportReporter -->
<testsuite hostname="Dell" failures="0" tests="1" name="com.crm.ContactTests.CreateContactTest" time="19.390" errors="0" timestamp="2022-02-18T10:06:02 IST" skipped="0">
  <testcase classname="com.crm.ContactTests.CreateContactTest" name="createContactTest" time="19.390"/>
  <system-out/>
</testsuite> <!-- com.crm.ContactTests.CreateContactTest -->
