<?xml version="1.0" encoding="UTF-8"?>
<!-- Generated by org.testng.reporters.JUnitReportReporter -->
<testsuite hostname="Dell" failures="0" tests="1" name="com.crm.PRACTICE.SelectCalendarDateTest" time="47.522" errors="0" timestamp="2022-03-09T15:12:12 IST" skipped="0">
  <testcase classname="com.crm.PRACTICE.SelectCalendarDateTest" name="calendarDate" time="47.522"/>
  <system-out/>
</testsuite> <!-- com.crm.PRACTICE.SelectCalendarDateTest -->
