<?xml version="1.0" encoding="UTF-8"?>
<!-- Generated by org.testng.reporters.JUnitReportReporter -->
<testsuite hostname="Dell" failures="0" tests="6" name="com.crm.PRACTICE.DataProviderPractice2" time="0.030" errors="0" timestamp="2022-02-28T15:52:02 IST" skipped="0">
  <testcase classname="com.crm.PRACTICE.DataProviderPractice2" name="dataprovider" time="0.004"/>
  <system-out/>
  <testcase classname="com.crm.PRACTICE.DataProviderPractice2" name="dataprovider" time="0.006"/>
  <system-out/>
  <testcase classname="com.crm.PRACTICE.DataProviderPractice2" name="dataprovider" time="0.009"/>
  <system-out/>
  <testcase classname="com.crm.PRACTICE.DataProviderPractice2" name="dataprovider" time="0.004"/>
  <system-out/>
  <testcase classname="com.crm.PRACTICE.DataProviderPractice2" name="dataprovider" time="0.003"/>
  <system-out/>
  <testcase classname="com.crm.PRACTICE.DataProviderPractice2" name="dataprovider" time="0.004"/>
  <system-out/>
</testsuite> <!-- com.crm.PRACTICE.DataProviderPractice2 -->
