<?xml version="1.0" encoding="UTF-8"?>
<!-- Generated by org.testng.reporters.JUnitReportReporter -->
<testsuite hostname="Dell" failures="0" tests="1" name="com.crm.OrganizationTests.CreateOrganizationWithPropertyFileTest" time="25.713" errors="0" timestamp="2022-02-17T06:24:44 IST" skipped="0">
  <testcase classname="com.crm.OrganizationTests.CreateOrganizationWithPropertyFileTest" name="createOrganizationWithPropertyFileTest" time="25.713"/>
  <system-out/>
</testsuite> <!-- com.crm.OrganizationTests.CreateOrganizationWithPropertyFileTest -->
