<?xml version="1.0" encoding="UTF-8"?>
<!-- Generated by org.testng.reporters.JUnitReportReporter -->
<testsuite hostname="Dell" failures="0" tests="1" name="com.crm.leadsSearch.LeadsSearchFaxTestNGTest" time="18.797" errors="0" timestamp="2022-03-01T21:33:03 IST" skipped="0">
  <testcase classname="com.crm.leadsSearch.LeadsSearchFaxTestNGTest" name="leadsSearchFaxTestNGTest" time="18.797"/>
  <system-out>
    <![CDATA[leads created and verified successfully
leads are searched successfully]]>
  </system-out>
</testsuite> <!-- com.crm.leadsSearch.LeadsSearchFaxTestNGTest -->
