<?xml version="1.0" encoding="UTF-8"?>
<!-- Generated by org.testng.reporters.JUnitReportReporter -->
<testsuite hostname="Dell" failures="0" tests="1" name="com.crm.leadsSearch.CreateLeadsTestNGTest" time="25.388" errors="0" timestamp="2022-03-01T21:12:20 IST" skipped="0">
  <testcase classname="com.crm.leadsSearch.CreateLeadsTestNGTest" name="createLeadsTestNGTest" time="25.388"/>
  <system-out>
    <![CDATA[leads is verified]]>
  </system-out>
</testsuite> <!-- com.crm.leadsSearch.CreateLeadsTestNGTest -->
