<?xml version="1.0" encoding="UTF-8"?>
<!-- Generated by org.testng.reporters.JUnitReportReporter -->
<testsuite hostname="Dell" failures="0" tests="1" name="com.crm.PRACTICE.CalendarTodayDateSelectTest" time="37.759" errors="0" timestamp="2022-03-09T19:17:37 IST" skipped="0">
  <testcase classname="com.crm.PRACTICE.CalendarTodayDateSelectTest" name="calendarTodaysDate" time="37.759"/>
  <system-out/>
</testsuite> <!-- com.crm.PRACTICE.CalendarTodayDateSelectTest -->
