<?xml version="1.0" encoding="UTF-8"?>
<!-- Generated by org.testng.reporters.JUnitReportReporter -->
<testsuite hostname="Dell" failures="0" tests="1" name="com.crm.opportunityTests.CreateOppTestNGTest" time="26.517" errors="0" timestamp="2022-03-01T15:36:47 IST" skipped="0">
  <testcase classname="com.crm.opportunityTests.CreateOppTestNGTest" name="createOppTestNGTest" time="26.517"/>
  <system-out>
    <![CDATA[contact is verified
campaign is verified
opportunity is verified]]>
  </system-out>
</testsuite> <!-- com.crm.opportunityTests.CreateOppTestNGTest -->
