<?xml version="1.0" encoding="UTF-8"?>
<!-- Generated by org.testng.reporters.JUnitReportReporter -->
<testsuite hostname="Dell" failures="0" tests="4" name="com.crm.PRACTICE.DataProviderPractice" time="0.030" errors="0" timestamp="2022-02-28T15:39:55 IST" skipped="0">
  <testcase classname="com.crm.PRACTICE.DataProviderPractice" name="sampleDataProvider" time="0.011"/>
  <system-out/>
  <testcase classname="com.crm.PRACTICE.DataProviderPractice" name="sampleDataProvider" time="0.006"/>
  <system-out/>
  <testcase classname="com.crm.PRACTICE.DataProviderPractice" name="sampleDataProvider" time="0.005"/>
  <system-out/>
  <testcase classname="com.crm.PRACTICE.DataProviderPractice" name="sampleDataProvider" time="0.008"/>
  <system-out/>
</testsuite> <!-- com.crm.PRACTICE.DataProviderPractice -->
