<?xml version="1.0" encoding="UTF-8"?>
<!-- Generated by org.testng.reporters.JUnitReportReporter -->
<testsuite hostname="Dell" failures="0" tests="1" name="com.crm.opportunityTests.CreateOpportunityUtilTest" time="47.697" errors="0" timestamp="2022-02-23T10:20:44 IST" skipped="0">
  <testcase classname="com.crm.opportunityTests.CreateOpportunityUtilTest" name="createOpportunityUtilTest" time="47.697"/>
  <system-out/>
</testsuite> <!-- com.crm.opportunityTests.CreateOpportunityUtilTest -->
