<?xml version="1.0" encoding="UTF-8"?>
<!-- Generated by org.testng.reporters.JUnitReportReporter -->
<testsuite hostname="Dell" failures="0" tests="1" name="com.crm.LeadsSearchwithutilities.LeadsSearchAnnualRevenueUtilTest" time="18.966" errors="0" timestamp="2022-02-22T22:02:15 IST" skipped="0">
  <testcase classname="com.crm.LeadsSearchwithutilities.LeadsSearchAnnualRevenueUtilTest" name="leadsSearchAnnualRevenueUtilTest" time="18.966"/>
  <system-out/>
</testsuite> <!-- com.crm.LeadsSearchwithutilities.LeadsSearchAnnualRevenueUtilTest -->
