<?xml version="1.0" encoding="UTF-8"?>
<!-- Generated by org.testng.reporters.JUnitReportReporter -->
<testsuite hostname="Dell" failures="0" tests="1" name="com.crm.PRACTICE.SampleJDBCExecuteUpdate" time="0.376" errors="0" timestamp="2022-02-16T12:46:44 IST" skipped="0">
  <testcase classname="com.crm.PRACTICE.SampleJDBCExecuteUpdate" name="sampleJDBCQueryUpdate" time="0.376"/>
  <system-out/>
</testsuite> <!-- com.crm.PRACTICE.SampleJDBCExecuteUpdate -->
