<?xml version="1.0" encoding="UTF-8"?>
<!-- Generated by org.testng.reporters.JUnitReportReporter -->
<testsuite hostname="Dell" failures="0" tests="1" name="com.crm.leadsSearch.LeadsSearchFax" time="22.495" errors="0" timestamp="2022-02-21T10:37:41 IST" skipped="0">
  <testcase classname="com.crm.leadsSearch.LeadsSearchFax" name="leadsSearchFax" time="22.495"/>
  <system-out/>
</testsuite> <!-- com.crm.leadsSearch.LeadsSearchFax -->
