<?xml version="1.0" encoding="UTF-8"?>
<!-- Generated by org.testng.reporters.JUnitReportReporter -->
<testsuite hostname="Dell" failures="0" tests="1" name="calendarPractice.SelectCalendarDateMMTTest" time="50.471" errors="0" timestamp="2022-03-10T10:42:42 IST" skipped="0">
  <testcase classname="calendarPractice.SelectCalendarDateMMTTest" name="calendarIbibo" time="50.471"/>
  <system-out/>
</testsuite> <!-- calendarPractice.SelectCalendarDateMMTTest -->
