<?xml version="1.0" encoding="UTF-8"?>
<!-- Generated by org.testng.reporters.JUnitReportReporter -->
<testsuite hostname="Dell" failures="0" tests="1" name="com.crm.ContactTests.CreateContactTestNGTest" time="20.738" errors="0" timestamp="2022-03-16T18:38:31 IST" skipped="0">
  <testcase classname="com.crm.ContactTests.CreateContactTestNGTest" name="createContactTestNGTest" time="20.738"/>
  <system-out>
    <![CDATA[contact is verified]]>
  </system-out>
</testsuite> <!-- com.crm.ContactTests.CreateContactTestNGTest -->
