<?xml version="1.0" encoding="UTF-8"?>
<!-- Generated by org.testng.reporters.JUnitReportReporter -->
<testsuite hostname="Dell" failures="0" tests="1" name="com.crm.PRACTICE.PracticeForGenericUtils" time="0.103" errors="0" timestamp="2022-03-02T16:12:43 IST" skipped="0">
  <testcase classname="com.crm.PRACTICE.PracticeForGenericUtils" name="practiceForGenericUtils" time="0.103"/>
  <system-out/>
</testsuite> <!-- com.crm.PRACTICE.PracticeForGenericUtils -->
