<?xml version="1.0" encoding="UTF-8"?>
<!-- Generated by org.testng.reporters.JUnitReportReporter -->
<testsuite hostname="Dell" failures="0" tests="1" name="com.crm.OrganizationTests.CreateOrgWithIndTypeOrgType" time="22.341" errors="0" timestamp="2022-02-24T15:31:06 IST" skipped="0">
  <testcase classname="com.crm.OrganizationTests.CreateOrgWithIndTypeOrgType" name="createOrgWithIndTypeOrgType" time="22.341"/>
  <system-out/>
</testsuite> <!-- com.crm.OrganizationTests.CreateOrgWithIndTypeOrgType -->
