<?xml version="1.0" encoding="UTF-8"?>
<!-- Generated by org.testng.reporters.JUnitReportReporter -->
<testsuite hostname="Dell" failures="0" tests="1" name="com.crm.PRACTICE.DateForCalendarTest" time="0.027" errors="0" timestamp="2022-03-09T18:46:30 IST" skipped="0">
  <testcase classname="com.crm.PRACTICE.DateForCalendarTest" name="dateCalendar" time="0.027"/>
  <system-out/>
</testsuite> <!-- com.crm.PRACTICE.DateForCalendarTest -->
