<?xml version="1.0" encoding="UTF-8"?>
<!-- Generated by org.testng.reporters.JUnitReportReporter -->
<testsuite hostname="Dell" failures="0" tests="1" name="com.crm.leadsSearch.LeadsSearchFaxPOMTest" time="25.055" errors="0" timestamp="2022-02-27T10:25:23 IST" skipped="0">
  <testcase classname="com.crm.leadsSearch.LeadsSearchFaxPOMTest" name="leadsSearchFaxPOMTest" time="25.055"/>
  <system-out/>
</testsuite> <!-- com.crm.leadsSearch.LeadsSearchFaxPOMTest -->
