<?xml version="1.0" encoding="UTF-8"?>
<!-- Generated by org.testng.reporters.JUnitReportReporter -->
<testsuite hostname="Dell" failures="0" tests="1" name="calendarPractice.CalendarTodayDateSelectTest" time="20.498" errors="0" timestamp="2022-03-10T10:54:13 IST" skipped="0">
  <testcase classname="calendarPractice.CalendarTodayDateSelectTest" name="calendarTodaysDate" time="20.498"/>
  <system-out/>
</testsuite> <!-- calendarPractice.CalendarTodayDateSelectTest -->
