<?xml version="1.0" encoding="UTF-8"?>
<!-- Generated by org.testng.reporters.JUnitReportReporter -->
<testsuite hostname="Dell" failures="0" tests="1" name="com.crm.PRACTICE.WriteDataIntoExcelSheetTest" time="1.054" errors="0" timestamp="2022-02-17T16:35:58 IST" skipped="0">
  <testcase classname="com.crm.PRACTICE.WriteDataIntoExcelSheetTest" name="writeDataIntoExcelSheetTest" time="1.054"/>
  <system-out/>
</testsuite> <!-- com.crm.PRACTICE.WriteDataIntoExcelSheetTest -->
