<?xml version="1.0" encoding="UTF-8"?>
<!-- Generated by org.testng.reporters.JUnitReportReporter -->
<testsuite hostname="Dell" failures="0" tests="1" name="com.crm.CreateCampaignwithProduct.CreateCampaignWithProductTestNGTest" time="29.867" errors="0" timestamp="2022-03-01T20:57:39 IST" skipped="0">
  <testcase classname="com.crm.CreateCampaignwithProduct.CreateCampaignWithProductTestNGTest" name="createCampaignWithProduct" time="29.867"/>
  <system-out/>
</testsuite> <!-- com.crm.CreateCampaignwithProduct.CreateCampaignWithProductTestNGTest -->
