<?xml version="1.0" encoding="UTF-8"?>
<!-- Generated by org.testng.reporters.JUnitReportReporter -->
<testsuite hostname="Dell" failures="0" tests="1" name="com.crm.leadsSearch.LeadsSearchCreatedDateTestNGTest" time="45.712" errors="0" timestamp="2022-03-08T10:12:19 IST" skipped="0">
  <testcase classname="com.crm.leadsSearch.LeadsSearchCreatedDateTestNGTest" name="ls" time="45.712"/>
  <system-out>
    <![CDATA[leads created and verified successfully
leads are searched successfully]]>
  </system-out>
</testsuite> <!-- com.crm.leadsSearch.LeadsSearchCreatedDateTestNGTest -->
