<?xml version="1.0" encoding="UTF-8"?>
<!-- Generated by org.testng.reporters.JUnitReportReporter -->
<testsuite hostname="Dell" failures="0" tests="1" name="com.crm.leadsSearch.LeadsSearchCreatedDate" time="24.753" errors="0" timestamp="2022-02-20T01:59:20 IST" skipped="0">
  <testcase classname="com.crm.leadsSearch.LeadsSearchCreatedDate" name="leadsSearchCreatedDate" time="24.753"/>
  <system-out/>
</testsuite> <!-- com.crm.leadsSearch.LeadsSearchCreatedDate -->
