<?xml version="1.0" encoding="UTF-8"?>
<!-- Generated by org.testng.reporters.JUnitReportReporter -->
<testsuite hostname="Dell" failures="0" tests="1" name="com.crm.ContactTests.CreateContactWithOrgTest" time="18.803" errors="0" timestamp="2022-02-18T10:06:52 IST" skipped="0">
  <testcase classname="com.crm.ContactTests.CreateContactWithOrgTest" name="createContactWithOrgTest" time="18.803"/>
  <system-out/>
</testsuite> <!-- com.crm.ContactTests.CreateContactWithOrgTest -->
