<?xml version="1.0" encoding="UTF-8"?>
<!-- Generated by org.testng.reporters.JUnitReportReporter -->
<testsuite hostname="Dell" failures="0" tests="1" name="com.crm.LeadsSearchwithutilities.LeadSearchcreatedDateutil" time="24.386" errors="0" timestamp="2022-02-22T22:06:39 IST" skipped="0">
  <testcase classname="com.crm.LeadsSearchwithutilities.LeadSearchcreatedDateutil" name="leadSearchcreatedDateutil" time="24.386"/>
  <system-out/>
</testsuite> <!-- com.crm.LeadsSearchwithutilities.LeadSearchcreatedDateutil -->
