<?xml version="1.0" encoding="UTF-8"?>
<!-- Generated by org.testng.reporters.JUnitReportReporter -->
<testsuite hostname="Dell" failures="0" tests="1" name="com.crm.ContactTests.CreateContactWithOrgPOMTest" time="135.907" errors="0" timestamp="2022-02-26T21:03:22 IST" skipped="0">
  <testcase classname="com.crm.ContactTests.CreateContactWithOrgPOMTest" name="createContactWithOrgPOMTest" time="135.907"/>
  <system-out/>
</testsuite> <!-- com.crm.ContactTests.CreateContactWithOrgPOMTest -->
