<?xml version="1.0" encoding="UTF-8"?>
<!-- Generated by org.testng.reporters.JUnitReportReporter -->
<testsuite hostname="Dell" failures="0" tests="1" name="com.crm.PRACTICE.ContactsLastNamePrintTest" time="8.553" errors="0" timestamp="2022-03-08T18:35:30 IST" skipped="0">
  <testcase classname="com.crm.PRACTICE.ContactsLastNamePrintTest" name="contactsLastNamePrintTest" time="8.553"/>
  <system-out/>
</testsuite> <!-- com.crm.PRACTICE.ContactsLastNamePrintTest -->
