<?xml version="1.0" encoding="UTF-8"?>
<!-- Generated by org.testng.reporters.JUnitReportReporter -->
<testsuite hostname="Dell" failures="0" tests="1" name="com.crm.PRACTICE.SampleJDBCExecuteTryCatchFinally" time="0.384" errors="0" timestamp="2022-02-16T13:11:55 IST" skipped="0">
  <testcase classname="com.crm.PRACTICE.SampleJDBCExecuteTryCatchFinally" name="sampleJDBCExecuteTryCatchFinally" time="0.384"/>
  <system-out/>
</testsuite> <!-- com.crm.PRACTICE.SampleJDBCExecuteTryCatchFinally -->
