<?xml version="1.0" encoding="UTF-8"?>
<!-- Generated by org.testng.reporters.JUnitReportReporter -->
<testsuite hostname="Dell" failures="0" tests="1" name="com.crm.ContactTests.CreateConWithOrgTestNGTest" time="66.095" errors="0" timestamp="2022-03-16T18:38:31 IST" skipped="0">
  <testcase classname="com.crm.ContactTests.CreateConWithOrgTestNGTest" name="createConWithOrgTestNGTest" time="66.095"/>
  <system-out>
    <![CDATA[organzation is verified
contact is verified]]>
  </system-out>
</testsuite> <!-- com.crm.ContactTests.CreateConWithOrgTestNGTest -->
