<?xml version="1.0" encoding="UTF-8"?>
<!-- Generated by org.testng.reporters.JUnitReportReporter -->
<testsuite hostname="Dell" failures="0" tests="1" name="com.crm.CreateCampaignwithProduct.CreateCampaignWithProdPOMTest" time="58.319" errors="0" timestamp="2022-03-01T20:50:15 IST" skipped="0">
  <testcase classname="com.crm.CreateCampaignwithProduct.CreateCampaignWithProdPOMTest" name="createCampaignWithProdPOMTest" time="58.319"/>
  <system-out/>
</testsuite> <!-- com.crm.CreateCampaignwithProduct.CreateCampaignWithProdPOMTest -->
