<?xml version="1.0" encoding="UTF-8"?>
<!-- Generated by org.testng.reporters.JUnitReportReporter -->
<testsuite hostname="Dell" failures="0" tests="1" name="com.crm.leadsSearch.LeadsSearchLeadsSrcTestNGTest" time="17.417" errors="0" timestamp="2022-03-01T21:41:23 IST" skipped="0">
  <testcase classname="com.crm.leadsSearch.LeadsSearchLeadsSrcTestNGTest" name="leadsSearchLeadsSrcTestNGTest" time="17.417"/>
  <system-out>
    <![CDATA[leads created and verified successfully
leads are searched successfully]]>
  </system-out>
</testsuite> <!-- com.crm.leadsSearch.LeadsSearchLeadsSrcTestNGTest -->
