<?xml version="1.0" encoding="UTF-8"?>
<!-- Generated by org.testng.reporters.JUnitReportReporter -->
<testsuite hostname="Dell" failures="0" tests="1" name="com.crm.OrganizationTests.CreateOrgIndTypeAccTypeTestNGTest" time="22.904" errors="0" timestamp="2022-03-16T18:38:31 IST" skipped="0">
  <testcase classname="com.crm.OrganizationTests.CreateOrgIndTypeAccTypeTestNGTest" name="createOrgIndTypeAccTypeTestNGTest" time="22.904"/>
  <system-out>
    <![CDATA[contact is created
organization is created]]>
  </system-out>
</testsuite> <!-- com.crm.OrganizationTests.CreateOrgIndTypeAccTypeTestNGTest -->
