<?xml version="1.0" encoding="UTF-8"?>
<!-- Generated by org.testng.reporters.JUnitReportReporter -->
<testsuite hostname="Dell" failures="0" tests="1" name="com.crm.LeadsSearchwithutilities.LeadsSearchLeadSrcUtil" time="25.062" errors="0" timestamp="2022-02-22T22:13:14 IST" skipped="0">
  <testcase classname="com.crm.LeadsSearchwithutilities.LeadsSearchLeadSrcUtil" name="leadsSearchLeadSrcUtil" time="25.062"/>
  <system-out/>
</testsuite> <!-- com.crm.LeadsSearchwithutilities.LeadsSearchLeadSrcUtil -->
