<?xml version="1.0" encoding="UTF-8"?>
<!-- Generated by org.testng.reporters.JUnitReportReporter -->
<testsuite hostname="Dell" failures="0" tests="1" name="com.crm.OrganizationTests.CreateorgWithIndtypePOMTest" time="27.374" errors="0" timestamp="2022-03-01T16:49:38 IST" skipped="0">
  <testcase classname="com.crm.OrganizationTests.CreateorgWithIndtypePOMTest" name="createorgWithIndtypePOMTest" time="27.374"/>
  <system-out/>
</testsuite> <!-- com.crm.OrganizationTests.CreateorgWithIndtypePOMTest -->
