<?xml version="1.0" encoding="UTF-8"?>
<!-- Generated by org.testng.reporters.JUnitReportReporter -->
<testsuite hostname="Dell" failures="0" tests="1" name="com.crm.leadsSearch.LeadsSearchCreatedTimePOMTest" time="38.397" errors="0" timestamp="2022-02-27T10:08:29 IST" skipped="0">
  <testcase classname="com.crm.leadsSearch.LeadsSearchCreatedTimePOMTest" name="leadsSearchCreatedTimePOMTest" time="38.397"/>
  <system-out/>
</testsuite> <!-- com.crm.leadsSearch.LeadsSearchCreatedTimePOMTest -->
