<?xml version="1.0" encoding="UTF-8"?>
<!-- Generated by org.testng.reporters.JUnitReportReporter -->
<testsuite hostname="Dell" failures="0" tests="1" name="com.crm.leadsSearch.LeadsSearchLeadNo" time="24.699" errors="0" timestamp="2022-02-20T01:55:30 IST" skipped="0">
  <testcase classname="com.crm.leadsSearch.LeadsSearchLeadNo" name="leadsSearchLeadNo" time="24.699"/>
  <system-out/>
</testsuite> <!-- com.crm.leadsSearch.LeadsSearchLeadNo -->
