<?xml version="1.0" encoding="UTF-8"?>
<!-- Generated by org.testng.reporters.JUnitReportReporter -->
<testsuite hostname="Dell" failures="0" tests="1" name="com.crm.leadsSearch.LeadsSearchLeadSource" time="23.002" errors="0" timestamp="2022-02-20T01:47:47 IST" skipped="0">
  <testcase classname="com.crm.leadsSearch.LeadsSearchLeadSource" name="leadsSearchLeadSource" time="23.002"/>
  <system-out/>
</testsuite> <!-- com.crm.leadsSearch.LeadsSearchLeadSource -->
